{"timestamp": "2025-07-17T00:56:27.624093", "filename": "20250717_005626_Z", "reason": null}
{"timestamp": "2025-07-17T00:56:47.271288", "filename": "20250717_005646_2Q==", "reason": null}
{"timestamp": "2025-07-17T01:05:51.212112", "filename": "20250717_010550_2Q==", "reason": "Failed to parse worker output."}
{"timestamp": "2025-07-17T01:54:32.365713", "filename": "20250717_015431_images", "reason": "Failed to parse worker output."}
{"timestamp": "2025-07-30T03:05:21.865314", "filename": "20250730_030520_9a69ec8656.example.com", "reason": "Failed to parse worker output."}
{"timestamp": "2025-07-30T03:05:45.844895", "filename": "20250730_030540_512a6c6c34.example.com", "reason": "Failed to parse worker output."}
{"timestamp": "2025-07-30T03:06:09.236271", "filename": "20250730_030608_2b033f0522.naver.com", "reason": "Failed to parse worker output."}
{"timestamp": "2025-07-30T03:06:51.140960", "filename": "20250730_030645_c1d9f544ac.download.bin", "reason": "Failed to parse worker output."}
{"timestamp": "2025-07-30T05:17:14.848018", "filename": "20250730_051631_9e9f134069.example.com", "reason": "Failed to parse worker output."}
{"timestamp": "2025-07-31T07:32:25.438405", "filename": "20250731_073224_7887b4ffc5.4G834X8EABUH+pmUaAAAAAElFTkSuQmCC", "reason": "Failed to parse worker output."}
{"timestamp": "2025-07-31T07:49:57.676060", "filename": "20250731_074956_8d9535d585.4G834X8EABUH+pmUaAAAAAElFTkSuQmCC", "reason": "Failed to parse worker output."}
{"timestamp": "2025-07-31T08:02:34.591310", "filename": "20250731_080233_3e0ea50b3b.4G834X8EABUH+pmUaAAAAAElFTkSuQmCC", "reason": "Failed to parse worker output."}
{"timestamp": "2025-07-31T08:10:03.392893", "filename": "20250731_081002_abe6e3025d.4G834X8EABUH+pmUaAAAAAElFTkSuQmCC", "reason": "Failed to parse worker output."}
{"timestamp": "2025-07-31T08:21:10.128349", "filename": "20250731_082109_40725995e0.4G834X8EABUH+pmUaAAAAAElFTkSuQmCC", "reason": "Failed to parse worker output."}
{"timestamp": "2025-07-31T08:22:40.715609", "filename": "20250731_082238_3314aade30.1811.00830", "reason": "Failed to parse worker output."}
{"timestamp": "2025-07-31T09:47:33.151490", "filename": "20250731_094732_509dc3a012.2Q==", "reason": "Failed to parse worker output."}
{"timestamp": "2025-07-31T09:50:17.136734", "filename": "20250731_095016_779e0c48eb.2Q==", "reason": "\ubd84\uc11d \uc911 \uc608\uc0c1\uce58 \ubabb\ud55c \uc624\ub958 \ubc1c\uc0dd: module 're' has no attribute 're'"}
{"timestamp": "2025-08-01T07:00:24.017074", "filename": "20250801_070023_ad41eebd25.4G834X8EABUH+pmUaAAAAAElFTkSuQmCC", "reason": "Failed to parse worker output."}
{"timestamp": "2025-08-01T07:49:06.707970", "filename": "20250801_074905_5ddbe53acb.downloaded.bin", "reason": "\ud30c\uc77c \ub2e4\uc6b4\ub85c\ub4dc \uc2e4\ud328: 403 Client Error: Forbidden for url: https://file.notion.so/f/f/bb2a5621-1265-40dd-b10f-432a1e5a7d52/a8c1c6e1-7016-405d-88b3-29b91f7f08ea/Exploring_the_Malicious_Document_Threat_Landscape_Towards_a_Systematic_Approach_to_Detection_and_Analysis.pdf?table=block&id=23dfdd2b-8dc9-80c6-a16e-c531fd6bfc1c&spaceId=bb2a5621-1265-40dd-b10f-432a1e5a7d52&expirationTimestamp=1754092800000&signature=xnXqZ0V0W7DJqJ6mI2Rd5BUEwoZwz4ydVH3JgnXL-SQ&downloadName=Exploring_the_Malicious_Document_Threat_Landscape_Towards_a_Systematic_Approach_to_Detection_and_Analysis.pdf"}
{"timestamp": "2025-08-01T08:05:11.657067", "filename": "20250801_080510_3fcfc029c9.downloaded.bin", "reason": "Failed to parse worker output."}
{"timestamp": "2025-08-01T14:44:13.765025", "filename": "20250801_144409_99ee0e7471.C:\\Users\\Seo\\Desktop\\\ub2e4\uc6b4\ub85c\ub4dc (1).png", "reason": "\uc785\ub825 \ub370\uc774\ud130 \uc624\ub958: Incorrect padding"}
{"timestamp": "2025-08-01T14:44:16.519005", "filename": "20250801_144409_fea464a040.downloaded.bin", "reason": "Failed to parse worker output."}
{"timestamp": "2025-08-01T14:44:17.540005", "filename": "20250801_144409_28cbc9b1cb.C:\\Users\\Seo\\Desktop\\\ub2e4\uc6b4\ub85c\ub4dc (1).jfif", "reason": "\uc785\ub825 \ub370\uc774\ud130 \uc624\ub958: Invalid base64-encoded string: number of data characters (1001) cannot be 1 more than a multiple of 4"}
{"timestamp": "2025-08-01T14:44:17.952357", "filename": "20250801_144409_0a653ffc22.C:\\Users\\Seo\\Desktop\\\ub2e4\uc6b4\ub85c\ub4dc (1).png", "reason": "Failed to parse worker output."}
{"timestamp": "2025-08-01T14:44:18.185098", "filename": "20250801_144409_eff494300e.C:\\Users\\Seo\\Downloads\\12201742_\uc11c\ubc94\ucc3d_\uc2e4\uc2b5\uacfc\uc81c1 (1).png", "reason": "Failed to parse worker output."}
{"timestamp": "2025-08-01T14:44:32.768250", "filename": "20250801_144409_9191011228.C:\\Users\\Seo\\Downloads\\iCertPrintClientSetup (1).exe", "reason": "Failed to parse worker output."}
{"timestamp": "2025-08-01T14:44:45.017056", "filename": "20250801_144444_afe0d92bce.C:\\Users\\Seo\\Desktop\\\ub2e4\uc6b4\ub85c\ub4dc (2).png", "reason": "\uc785\ub825 \ub370\uc774\ud130 \uc624\ub958: Incorrect padding"}
{"timestamp": "2025-08-01T14:51:46.745052", "filename": "20250801_145145_7dc9d4b093.downloaded.bin", "reason": "Failed to parse worker output."}
{"timestamp": "2025-08-01T17:31:30.939962", "filename": "20250801_173129_a06d078e49.downloaded.bin", "reason": "\ubd84\uc11d \uc911 \uc608\uc0c1\uce58 \ubabb\ud55c \uc624\ub958 \ubc1c\uc0dd: 'dict' object has no attribute 'rule'"}
{"timestamp": "2025-08-01T17:32:40.420925", "filename": "20250801_173239_d8c696725d.downloaded.bin", "reason": "\ubd84\uc11d \uc911 \uc608\uc0c1\uce58 \ubabb\ud55c \uc624\ub958 \ubc1c\uc0dd: 'dict' object has no attribute 'rule'"}
{"timestamp": "2025-08-03T14:58:12.983125", "filename": "20250803_145811_17fbbc1632.downloaded.bin", "reason": "Failed to parse worker output."}
{"timestamp": "2025-08-03T15:53:54.504994", "filename": "20250803_155353_4c92a7aaa5.downloaded.bin", "reason": "\ud30c\uc77c \ub2e4\uc6b4\ub85c\ub4dc \uc2e4\ud328: 401 Client Error: Unauthorized for url: https://docs.google.com/document/u/0/export?format=docx&id=1JD9-n1z0hmXZTL8qgakcLe0gyXkCKb3v8S6FuOSKMco&token=AC4w5VjM6YZr9BtS_YpMdZzaJKmUYa10Sg%3A1754236422391&ouid=114431127572545154068&includes_info_params=true&usp=docs_home&cros_files=false&tab=t.0"}
{"timestamp": "2025-08-04T10:04:21.404557", "filename": null, "reason": "Worker container failed: Unable to find image 'yara-worker:latest' locally\ndocker: Error response from daemon: pull access denied for yara-worker, repository does not exist or may require 'docker login': denied: requested access to the resource is denied\n\nRun 'docker run --help' for more information\n"}
{"timestamp": "2025-08-04T10:07:10.796303", "filename": null, "reason": "Worker output format error."}
{"timestamp": "2025-08-04T10:29:52.551376", "filename": "20250804_102951_76c6cda819.download.bin", "reason": "Failed to parse worker output."}
{"timestamp": "2025-08-04T12:07:24.403185", "filename": "20250804_120723_4145c7fa51.download.bin", "reason": "\ud30c\uc77c \ub2e4\uc6b4\ub85c\ub4dc \uc2e4\ud328: HTTPConnectionPool(host='localhost', port=8000): Max retries exceeded with url: /download/test.docm (Caused by NewConnectionError('<urllib3.connection.HTTPConnection object at 0x7351ed86ecb0>: Failed to establish a new connection: [Errno 111] Connection refused'))"}
{"timestamp": "2025-08-04T12:22:20.977897", "filename": "20250804_122219_d3890b1495.images", "reason": "Failed to parse worker output."}
